{"level":30,"time":"2:26:56 PM","pid":26328,"hostname":"yash-babaria","msg":"DB Connected"}
{"level":30,"time":"2:26:57 PM","pid":26328,"hostname":"yash-babaria","msg":"server is running on port: http://localhost:8000"}
{"level":50,"time":"2:27:00 PM","pid":26328,"hostname":"yash-babaria","msg":"Cannot find module 'ejs'\nRequire stack:\n- /home/yash-babariya/Desktop/typeProject/node_modules/express/lib/view.js\n- /home/yash-babariya/Desktop/typeProject/node_modules/express/lib/application.js\n- /home/yash-babariya/Desktop/typeProject/node_modules/express/lib/express.js\n- /home/yash-babariya/Desktop/typeProject/node_modules/express/index.js\n- /home/yash-babariya/Desktop/typeProject/dist/index.js"}
{"level":30,"time":"2:27:43 PM","pid":26618,"hostname":"yash-babaria","msg":"DB Connected"}
{"level":30,"time":"2:27:43 PM","pid":26618,"hostname":"yash-babaria","msg":"server is running on port: http://localhost:8000"}
{"level":30,"time":"2:28:38 PM","pid":26759,"hostname":"yash-babaria","msg":"DB Connected"}
{"level":30,"time":"2:28:38 PM","pid":26759,"hostname":"yash-babaria","msg":"server is running on port: http://localhost:8000"}
{"level":30,"time":"2:29:10 PM","pid":26885,"hostname":"yash-babaria","msg":"DB Connected"}
{"level":30,"time":"2:29:10 PM","pid":26885,"hostname":"yash-babaria","msg":"server is running on port: http://localhost:8000"}
{"level":50,"time":"2:29:44 PM","pid":26885,"hostname":"yash-babaria","msg":"some error in allRequestLogs.js middleware so create folder  : uploads/requestLogs"}
{"level":50,"time":"2:29:44 PM","pid":26885,"hostname":"yash-babaria","msg":"some error in allRequestLogs.js middleware so create folder  : uploads/requestLogs"}
{"level":50,"time":"2:29:44 PM","pid":26885,"hostname":"yash-babaria","msg":"some error in allRequestLogs.js middleware so create folder  : uploads/requestLogs"}
{"level":50,"time":"2:29:44 PM","pid":26885,"hostname":"yash-babaria","msg":"some error in allRequestLogs.js middleware so create folder  : uploads/requestLogs"}
{"level":50,"time":"2:31:14 PM","pid":26885,"hostname":"yash-babaria","msg":"some error in allRequestLogs.js middleware so create folder  : uploads/requestLogs"}
{"level":50,"time":"2:31:14 PM","pid":26885,"hostname":"yash-babaria","msg":"some error in allRequestLogs.js middleware so create folder  : uploads/requestLogs"}
{"level":50,"time":"2:31:14 PM","pid":26885,"hostname":"yash-babaria","msg":"some error in allRequestLogs.js middleware so create folder  : uploads/requestLogs"}
{"level":50,"time":"2:31:14 PM","pid":26885,"hostname":"yash-babaria","msg":"some error in allRequestLogs.js middleware so create folder  : uploads/requestLogs"}
{"level":50,"time":"2:31:14 PM","pid":26885,"hostname":"yash-babaria","msg":"some error in allRequestLogs.js middleware so create folder  : uploads/requestLogs"}
{"level":50,"time":"2:31:14 PM","pid":26885,"hostname":"yash-babaria","msg":"some error in allRequestLogs.js middleware so create folder  : uploads/requestLogs"}
{"level":50,"time":"2:31:14 PM","pid":26885,"hostname":"yash-babaria","msg":"some error in allRequestLogs.js middleware so create folder  : uploads/requestLogs"}
{"level":50,"time":"2:31:14 PM","pid":26885,"hostname":"yash-babaria","msg":"some error in allRequestLogs.js middleware so create folder  : uploads/requestLogs"}
{"level":50,"time":"2:31:14 PM","pid":26885,"hostname":"yash-babaria","msg":"some error in allRequestLogs.js middleware so create folder  : uploads/requestLogs"}
{"level":50,"time":"2:31:14 PM","pid":26885,"hostname":"yash-babaria","msg":"some error in allRequestLogs.js middleware so create folder  : uploads/requestLogs"}
{"level":50,"time":"2:31:14 PM","pid":26885,"hostname":"yash-babaria","msg":"some error in allRequestLogs.js middleware so create folder  : uploads/requestLogs"}
{"level":50,"time":"2:31:14 PM","pid":26885,"hostname":"yash-babaria","msg":"some error in allRequestLogs.js middleware so create folder  : uploads/requestLogs"}
{"level":50,"time":"2:31:14 PM","pid":26885,"hostname":"yash-babaria","msg":"some error in allRequestLogs.js middleware so create folder  : uploads/requestLogs"}
{"level":50,"time":"2:31:14 PM","pid":26885,"hostname":"yash-babaria","msg":"some error in allRequestLogs.js middleware so create folder  : uploads/requestLogs"}
{"level":50,"time":"2:31:14 PM","pid":26885,"hostname":"yash-babaria","msg":"some error in allRequestLogs.js middleware so create folder  : uploads/requestLogs"}
{"level":50,"time":"2:31:14 PM","pid":26885,"hostname":"yash-babaria","msg":"some error in allRequestLogs.js middleware so create folder  : uploads/requestLogs"}
{"level":50,"time":"2:31:14 PM","pid":26885,"hostname":"yash-babaria","msg":"some error in allRequestLogs.js middleware so create folder  : uploads/requestLogs"}
{"level":50,"time":"2:31:14 PM","pid":26885,"hostname":"yash-babaria","msg":"some error in allRequestLogs.js middleware so create folder  : uploads/requestLogs"}
{"level":50,"time":"2:31:14 PM","pid":26885,"hostname":"yash-babaria","msg":"some error in allRequestLogs.js middleware so create folder  : uploads/requestLogs"}
{"level":50,"time":"2:31:14 PM","pid":26885,"hostname":"yash-babaria","msg":"some error in allRequestLogs.js middleware so create folder  : uploads/requestLogs"}
{"level":50,"time":"2:31:14 PM","pid":26885,"hostname":"yash-babaria","msg":"some error in allRequestLogs.js middleware so create folder  : uploads/requestLogs"}
{"level":50,"time":"2:31:14 PM","pid":26885,"hostname":"yash-babaria","msg":"some error in allRequestLogs.js middleware so create folder  : uploads/requestLogs"}
{"level":50,"time":"2:31:14 PM","pid":26885,"hostname":"yash-babaria","msg":"some error in allRequestLogs.js middleware so create folder  : uploads/requestLogs"}
{"level":50,"time":"2:31:14 PM","pid":26885,"hostname":"yash-babaria","msg":"some error in allRequestLogs.js middleware so create folder  : uploads/requestLogs"}
{"level":50,"time":"2:31:14 PM","pid":26885,"hostname":"yash-babaria","msg":"some error in allRequestLogs.js middleware so create folder  : uploads/requestLogs"}
{"level":50,"time":"2:31:14 PM","pid":26885,"hostname":"yash-babaria","msg":"some error in allRequestLogs.js middleware so create folder  : uploads/requestLogs"}
{"level":50,"time":"2:31:14 PM","pid":26885,"hostname":"yash-babaria","msg":"some error in allRequestLogs.js middleware so create folder  : uploads/requestLogs"}
{"level":50,"time":"2:31:14 PM","pid":26885,"hostname":"yash-babaria","msg":"some error in allRequestLogs.js middleware so create folder  : uploads/requestLogs"}
{"level":50,"time":"2:31:14 PM","pid":26885,"hostname":"yash-babaria","msg":"some error in allRequestLogs.js middleware so create folder  : uploads/requestLogs"}
{"level":50,"time":"2:31:14 PM","pid":26885,"hostname":"yash-babaria","msg":"some error in allRequestLogs.js middleware so create folder  : uploads/requestLogs"}
{"level":50,"time":"2:31:14 PM","pid":26885,"hostname":"yash-babaria","msg":"some error in allRequestLogs.js middleware so create folder  : uploads/requestLogs"}
{"level":50,"time":"2:31:14 PM","pid":26885,"hostname":"yash-babaria","msg":"some error in allRequestLogs.js middleware so create folder  : uploads/requestLogs"}
{"level":50,"time":"2:31:14 PM","pid":26885,"hostname":"yash-babaria","msg":"some error in allRequestLogs.js middleware so create folder  : uploads/requestLogs"}
{"level":50,"time":"2:31:14 PM","pid":26885,"hostname":"yash-babaria","msg":"some error in allRequestLogs.js middleware so create folder  : uploads/requestLogs"}
{"level":50,"time":"2:31:23 PM","pid":26885,"hostname":"yash-babaria","msg":"some error in allRequestLogs.js middleware so create folder  : uploads/requestLogs"}
{"level":30,"time":"2:37:00 PM","pid":28900,"hostname":"yash-babaria","msg":"DB Connected"}
{"level":30,"time":"2:37:00 PM","pid":28900,"hostname":"yash-babaria","msg":"server is running on port: http://localhost:8000"}
{"level":30,"time":"2:38:10 PM","pid":29155,"hostname":"yash-babaria","msg":"DB Connected"}
{"level":30,"time":"2:38:10 PM","pid":29155,"hostname":"yash-babaria","msg":"server is running on port: http://localhost:8000"}
{"level":30,"time":"2:40:02 PM","pid":30727,"hostname":"yash-babaria","msg":"DB Connected"}
{"level":30,"time":"2:40:02 PM","pid":30727,"hostname":"yash-babaria","msg":"server is running on port: http://localhost:8000"}
{"level":30,"time":"2:40:13 PM","pid":31169,"hostname":"yash-babaria","msg":"DB Connected"}
{"level":30,"time":"2:40:13 PM","pid":31169,"hostname":"yash-babaria","msg":"server is running on port: http://localhost:8000"}
{"level":30,"time":"2:40:50 PM","pid":31342,"hostname":"yash-babaria","msg":"DB Connected"}
{"level":30,"time":"2:40:50 PM","pid":31342,"hostname":"yash-babaria","msg":"server is running on port: http://localhost:8000"}
{"level":30,"time":"2:41:59 PM","pid":31608,"hostname":"yash-babaria","msg":"DB Connected"}
{"level":30,"time":"2:41:59 PM","pid":31608,"hostname":"yash-babaria","msg":"server is running on port: http://localhost:8000"}
{"level":30,"time":"2:42:24 PM","pid":31731,"hostname":"yash-babaria","msg":"DB Connected"}
{"level":30,"time":"2:42:24 PM","pid":31731,"hostname":"yash-babaria","msg":"server is running on port: http://localhost:8000"}
{"level":30,"time":"2:42:45 PM","pid":31799,"hostname":"yash-babaria","msg":"DB Connected"}
{"level":30,"time":"2:42:45 PM","pid":31799,"hostname":"yash-babaria","msg":"server is running on port: http://localhost:8000"}
{"level":30,"time":"2:45:02 PM","pid":32297,"hostname":"yash-babaria","msg":"DB Connected"}
{"level":30,"time":"2:45:02 PM","pid":32297,"hostname":"yash-babaria","msg":"server is running on port: http://localhost:8000"}
{"level":30,"time":"2:46:08 PM","pid":32418,"hostname":"yash-babaria","msg":"DB Connected"}
{"level":30,"time":"2:46:08 PM","pid":32418,"hostname":"yash-babaria","msg":"server is running on port: http://localhost:8000"}
{"level":30,"time":"2:46:28 PM","pid":32517,"hostname":"yash-babaria","msg":"DB Connected"}
{"level":30,"time":"2:46:28 PM","pid":32517,"hostname":"yash-babaria","msg":"server is running on port: http://localhost:8000"}
{"level":30,"time":"2:47:26 PM","pid":32613,"hostname":"yash-babaria","msg":"DB Connected"}
{"level":30,"time":"2:47:26 PM","pid":32613,"hostname":"yash-babaria","msg":"server is running on port: http://localhost:8000"}
{"level":30,"time":"2:48:02 PM","pid":32743,"hostname":"yash-babaria","msg":"DB Connected"}
{"level":30,"time":"2:48:03 PM","pid":32743,"hostname":"yash-babaria","msg":"server is running on port: http://localhost:8000"}
{"level":30,"time":"2:48:50 PM","pid":32904,"hostname":"yash-babaria","msg":"DB Connected"}
{"level":30,"time":"2:48:50 PM","pid":32904,"hostname":"yash-babaria","msg":"server is running on port: http://localhost:8000"}
{"level":30,"time":"2:50:00 PM","pid":33114,"hostname":"yash-babaria","msg":"DB Connected"}
{"level":30,"time":"2:50:01 PM","pid":33114,"hostname":"yash-babaria","msg":"server is running on port: http://localhost:8000"}
{"level":30,"time":"2:57:54 PM","pid":34367,"hostname":"yash-babaria","msg":"DB Connected"}
{"level":30,"time":"2:57:54 PM","pid":34367,"hostname":"yash-babaria","msg":"server is running on port: http://localhost:8000"}
{"level":30,"time":"2:58:41 PM","pid":34551,"hostname":"yash-babaria","msg":"DB Connected"}
{"level":30,"time":"2:58:41 PM","pid":34551,"hostname":"yash-babaria","msg":"server is running on port: http://localhost:8000"}
{"level":30,"time":"2:58:42 PM","pid":34705,"hostname":"yash-babaria","msg":"DB Connected"}
{"level":30,"time":"2:58:42 PM","pid":34705,"hostname":"yash-babaria","msg":"server is running on port: http://localhost:8000"}
{"level":30,"time":"2:58:54 PM","pid":34908,"hostname":"yash-babaria","msg":"DB Connected"}
{"level":30,"time":"2:58:54 PM","pid":34908,"hostname":"yash-babaria","msg":"server is running on port: http://localhost:8000"}
{"level":30,"time":"2:59:08 PM","pid":35025,"hostname":"yash-babaria","msg":"DB Connected"}
{"level":30,"time":"2:59:08 PM","pid":35025,"hostname":"yash-babaria","msg":"server is running on port: http://localhost:8000"}
{"level":30,"time":"2:59:39 PM","pid":35206,"hostname":"yash-babaria","msg":"DB Connected"}
{"level":30,"time":"2:59:39 PM","pid":35206,"hostname":"yash-babaria","msg":"server is running on port: http://localhost:8000"}
{"level":50,"time":"3:00:33 PM","pid":35206,"hostname":"yash-babaria","err":{"type":"Error","message":"Unknown column 'hospital_id' in 'field list'","stack":"Error: Unknown column 'hospital_id' in 'field list'\n    at PromiseConnection.query (/home/yash-babariya/Desktop/typeProject/node_modules/mysql2/promise.js:94:22)\n    at /home/yash-babariya/Desktop/typeProject/dist/controllers/doctorController.js:669:42\n    at Generator.next (<anonymous>)\n    at fulfilled (/home/yash-babariya/Desktop/typeProject/dist/controllers/doctorController.js:5:58)\n    at process.processTicksAndRejections (node:internal/process/task_queues:95:5)","code":"ER_BAD_FIELD_ERROR","errno":1054,"sql":"update doctor_has_specialities set speciality_id = `doctor_id` = '4', `hospital_id` = '1', `id` = '1', `fname` = 'Yash', `lname` = 'Babaria', `name` = 'Vcar Hospital', `speciality` = '6', `dob` = '2003-05-17', `phone` = '9898802790', `gender` = 'male', `city` = 'Adilabad', `address` = 'Gokuldham Society, Jetpur', `consultancy_fees` = '500', `qualification` = 'MD', `gst_no` = '24AAACH7409R2Z6', `location` = 'Science city, Ahmedabad', `pincode` = '321456', `otherSpeciality` = '' where  doctor_id =4","sqlState":"42S22","sqlMessage":"Unknown column 'hospital_id' in 'field list'"},"msg":"Unknown column 'hospital_id' in 'field list'"}
{"level":50,"time":"3:01:03 PM","pid":35206,"hostname":"yash-babaria","err":{"type":"Error","message":"Unknown column 'hospital_id' in 'field list'","stack":"Error: Unknown column 'hospital_id' in 'field list'\n    at PromiseConnection.query (/home/yash-babariya/Desktop/typeProject/node_modules/mysql2/promise.js:94:22)\n    at /home/yash-babariya/Desktop/typeProject/dist/controllers/doctorController.js:669:42\n    at Generator.next (<anonymous>)\n    at fulfilled (/home/yash-babariya/Desktop/typeProject/dist/controllers/doctorController.js:5:58)\n    at process.processTicksAndRejections (node:internal/process/task_queues:95:5)","code":"ER_BAD_FIELD_ERROR","errno":1054,"sql":"update doctor_has_specialities set speciality_id = `doctor_id` = '4', `hospital_id` = '1', `id` = '1', `fname` = 'Yash', `lname` = 'Babaria', `name` = 'Vcar Hospital', `speciality` = '6', `dob` = '2003-05-17', `phone` = '9898802790', `gender` = 'male', `city` = 'Adilabad', `address` = 'Gokuldham Society, Jetpur', `consultancy_fees` = '500', `qualification` = 'MD', `gst_no` = '24AAACH7409R2Z6', `location` = 'Science city, Ahmedabad', `pincode` = '321456', `otherSpeciality` = '' where  doctor_id =4","sqlState":"42S22","sqlMessage":"Unknown column 'hospital_id' in 'field list'"},"msg":"Unknown column 'hospital_id' in 'field list'"}
{"level":50,"time":"3:01:06 PM","pid":35206,"hostname":"yash-babaria","err":{"type":"Error","message":"Unknown column 'hospital_id' in 'field list'","stack":"Error: Unknown column 'hospital_id' in 'field list'\n    at PromiseConnection.query (/home/yash-babariya/Desktop/typeProject/node_modules/mysql2/promise.js:94:22)\n    at /home/yash-babariya/Desktop/typeProject/dist/controllers/doctorController.js:669:42\n    at Generator.next (<anonymous>)\n    at fulfilled (/home/yash-babariya/Desktop/typeProject/dist/controllers/doctorController.js:5:58)\n    at process.processTicksAndRejections (node:internal/process/task_queues:95:5)","code":"ER_BAD_FIELD_ERROR","errno":1054,"sql":"update doctor_has_specialities set speciality_id = `doctor_id` = '4', `hospital_id` = '1', `id` = '1', `fname` = 'Yash', `lname` = 'Babaria', `name` = 'Vcar Hospital', `speciality` = '6', `dob` = '2003-05-17', `phone` = '9898802790', `gender` = 'male', `city` = 'Adilabad', `address` = 'Gokuldham Society, Jetpur', `consultancy_fees` = '500', `qualification` = 'MD', `gst_no` = '24AAACH7409R2Z6', `location` = 'Science city, Ahmedabad', `pincode` = '321456', `otherSpeciality` = '' where  doctor_id =4","sqlState":"42S22","sqlMessage":"Unknown column 'hospital_id' in 'field list'"},"msg":"Unknown column 'hospital_id' in 'field list'"}
{"level":30,"time":"3:02:56 PM","pid":35682,"hostname":"yash-babaria","msg":"DB Connected"}
{"level":30,"time":"3:02:56 PM","pid":35682,"hostname":"yash-babaria","msg":"server is running on port: http://localhost:8000"}
{"level":30,"time":"3:07:45 PM","pid":35855,"hostname":"yash-babaria","msg":"DB Connected"}
{"level":30,"time":"3:07:58 PM","pid":35900,"hostname":"yash-babaria","msg":"DB Connected"}
{"level":30,"time":"3:08:14 PM","pid":35946,"hostname":"yash-babaria","msg":"DB Connected"}
{"level":30,"time":"3:08:15 PM","pid":35971,"hostname":"yash-babaria","msg":"DB Connected"}
{"level":30,"time":"3:08:17 PM","pid":35992,"hostname":"yash-babaria","msg":"DB Connected"}
{"level":30,"time":"3:08:20 PM","pid":36008,"hostname":"yash-babaria","msg":"DB Connected"}
{"level":30,"time":"3:08:25 PM","pid":36051,"hostname":"yash-babaria","msg":"DB Connected"}
{"level":30,"time":"3:08:32 PM","pid":36087,"hostname":"yash-babaria","msg":"DB Connected"}
{"level":30,"time":"3:08:34 PM","pid":36103,"hostname":"yash-babaria","msg":"DB Connected"}
{"level":30,"time":"3:16:54 PM","pid":36733,"hostname":"yash-babaria","msg":"DB Connected"}
{"level":30,"time":"3:16:54 PM","pid":36733,"hostname":"yash-babaria","msg":"server is running on port: http://localhost:8000"}
{"level":30,"time":"3:17:22 PM","pid":36897,"hostname":"yash-babaria","msg":"DB Connected"}
{"level":30,"time":"3:17:22 PM","pid":36897,"hostname":"yash-babaria","msg":"server is running on port: http://localhost:8000"}
{"level":30,"time":"3:17:23 PM","pid":37010,"hostname":"yash-babaria","msg":"DB Connected"}
{"level":30,"time":"3:17:23 PM","pid":37010,"hostname":"yash-babaria","msg":"server is running on port: http://localhost:8000"}
{"level":30,"time":"3:19:52 PM","pid":37539,"hostname":"yash-babaria","msg":"DB Connected"}
{"level":30,"time":"3:19:52 PM","pid":37539,"hostname":"yash-babaria","msg":"server is running on port: http://localhost:8000"}
{"level":30,"time":"3:27:11 PM","pid":38421,"hostname":"yash-babaria","msg":"DB Connected"}
{"level":30,"time":"3:27:11 PM","pid":38421,"hostname":"yash-babaria","msg":"server is running on port: http://localhost:8000"}
{"level":30,"time":"3:27:43 PM","pid":38552,"hostname":"yash-babaria","msg":"DB Connected"}
{"level":30,"time":"3:27:44 PM","pid":38552,"hostname":"yash-babaria","msg":"server is running on port: http://localhost:8000"}
{"level":30,"time":"3:27:44 PM","pid":38669,"hostname":"yash-babaria","msg":"DB Connected"}
{"level":30,"time":"3:27:44 PM","pid":38669,"hostname":"yash-babaria","msg":"server is running on port: http://localhost:8000"}
{"level":30,"time":"3:27:52 PM","pid":38787,"hostname":"yash-babaria","msg":"DB Connected"}
{"level":30,"time":"3:28:01 PM","pid":38863,"hostname":"yash-babaria","msg":"DB Connected"}
{"level":30,"time":"3:28:01 PM","pid":38863,"hostname":"yash-babaria","msg":"server is running on port: http://localhost:8000"}
{"level":30,"time":"3:42:27 PM","pid":39316,"hostname":"yash-babaria","msg":"DB Connected"}
{"level":30,"time":"3:42:27 PM","pid":39316,"hostname":"yash-babaria","msg":"server is running on port: http://localhost:8000"}
{"level":30,"time":"3:42:29 PM","pid":39376,"hostname":"yash-babaria","msg":"DB Connected"}
{"level":30,"time":"4:46:03 PM","pid":41385,"hostname":"yash-babaria","msg":"DB Connected"}
{"level":30,"time":"4:46:03 PM","pid":41385,"hostname":"yash-babaria","msg":"server is running on port: http://localhost:8000"}
{"level":30,"time":"6:16:57 PM","pid":44905,"hostname":"yash-babaria","msg":"DB Connected"}
{"level":30,"time":"6:16:58 PM","pid":44905,"hostname":"yash-babaria","msg":"server is running on port: http://localhost:8000"}
{"level":50,"time":"6:19:08 PM","pid":44905,"hostname":"yash-babaria","err":{"type":"Error","message":"Unknown column 'hospital_id' in 'field list'","stack":"Error: Unknown column 'hospital_id' in 'field list'\n    at PromiseConnection.query (/home/yash-babariya/Desktop/typeProject/node_modules/mysql2/promise.js:94:22)\n    at /home/yash-babariya/Desktop/typeProject/src/controllers/doctorController.ts:779:18\n    at Generator.next (<anonymous>)\n    at fulfilled (/home/yash-babariya/Desktop/typeProject/src/controllers/doctorController.ts:5:58)\n    at processTicksAndRejections (node:internal/process/task_queues:95:5)","code":"ER_BAD_FIELD_ERROR","errno":1054,"sql":"update doctor_has_specialities set speciality_id = `doctor_id` = '4', `hospital_id` = '1', `id` = '1', `fname` = 'Yash', `lname` = 'Babaria', `name` = 'Vcar Hospital', `profile_picture` = 'undefined', `speciality` = '5', `dob` = '2003-05-17', `phone` = '9898802790', `gender` = 'male', `city` = 'Alwar', `address` = 'Gokuldham Society, Jetpur', `consultancy_fees` = '500', `qualification` = 'MD', `gst_no` = '24AAACH7409R2Z6', `location` = 'Science city, Ahmedabad', `pincode` = '321456', `otherSpeciality` = '' where  doctor_id =4","sqlState":"42S22","sqlMessage":"Unknown column 'hospital_id' in 'field list'"},"msg":"Unknown column 'hospital_id' in 'field list'"}
{"level":50,"time":"6:19:08 PM","pid":44905,"hostname":"yash-babaria","err":{"type":"Error","message":"Unknown column 'hospital_id' in 'field list'","stack":"Error: Unknown column 'hospital_id' in 'field list'\n    at PromiseConnection.query (/home/yash-babariya/Desktop/typeProject/node_modules/mysql2/promise.js:94:22)\n    at /home/yash-babariya/Desktop/typeProject/src/controllers/doctorController.ts:779:18\n    at Generator.next (<anonymous>)\n    at fulfilled (/home/yash-babariya/Desktop/typeProject/src/controllers/doctorController.ts:5:58)\n    at processTicksAndRejections (node:internal/process/task_queues:95:5)","code":"ER_BAD_FIELD_ERROR","errno":1054,"sql":"update doctor_has_specialities set speciality_id = `doctor_id` = '4', `hospital_id` = '1', `id` = '1', `fname` = 'Yash', `lname` = 'Babaria', `name` = 'Vcar Hospital', `profile_picture` = 'undefined', `speciality` = '5', `dob` = '2003-05-17', `phone` = '9898802790', `gender` = 'male', `city` = 'Alwar', `address` = 'Gokuldham Society, Jetpur', `consultancy_fees` = '500', `qualification` = 'MD', `gst_no` = '24AAACH7409R2Z6', `location` = 'Science city, Ahmedabad', `pincode` = '321456', `otherSpeciality` = '' where  doctor_id =4","sqlState":"42S22","sqlMessage":"Unknown column 'hospital_id' in 'field list'"},"msg":"Unknown column 'hospital_id' in 'field list'"}
{"level":50,"time":"6:19:11 PM","pid":44905,"hostname":"yash-babaria","err":{"type":"Error","message":"Unknown column 'hospital_id' in 'field list'","stack":"Error: Unknown column 'hospital_id' in 'field list'\n    at PromiseConnection.query (/home/yash-babariya/Desktop/typeProject/node_modules/mysql2/promise.js:94:22)\n    at /home/yash-babariya/Desktop/typeProject/src/controllers/doctorController.ts:779:18\n    at Generator.next (<anonymous>)\n    at fulfilled (/home/yash-babariya/Desktop/typeProject/src/controllers/doctorController.ts:5:58)\n    at processTicksAndRejections (node:internal/process/task_queues:95:5)","code":"ER_BAD_FIELD_ERROR","errno":1054,"sql":"update doctor_has_specialities set speciality_id = `doctor_id` = '4', `hospital_id` = '1', `id` = '1', `fname` = 'Yash', `lname` = 'Babaria', `name` = 'Vcar Hospital', `profile_picture` = 'undefined', `speciality` = '5', `dob` = '2003-05-17', `phone` = '9898802790', `gender` = 'male', `city` = 'Alwar', `address` = 'Gokuldham Society, Jetpur', `consultancy_fees` = '500', `qualification` = 'MD', `gst_no` = '24AAACH7409R2Z6', `location` = 'Science city, Ahmedabad', `pincode` = '321456', `otherSpeciality` = '' where  doctor_id =4","sqlState":"42S22","sqlMessage":"Unknown column 'hospital_id' in 'field list'"},"msg":"Unknown column 'hospital_id' in 'field list'"}
{"level":50,"time":"6:19:11 PM","pid":44905,"hostname":"yash-babaria","err":{"type":"Error","message":"Unknown column 'hospital_id' in 'field list'","stack":"Error: Unknown column 'hospital_id' in 'field list'\n    at PromiseConnection.query (/home/yash-babariya/Desktop/typeProject/node_modules/mysql2/promise.js:94:22)\n    at /home/yash-babariya/Desktop/typeProject/src/controllers/doctorController.ts:779:18\n    at Generator.next (<anonymous>)\n    at fulfilled (/home/yash-babariya/Desktop/typeProject/src/controllers/doctorController.ts:5:58)\n    at processTicksAndRejections (node:internal/process/task_queues:95:5)","code":"ER_BAD_FIELD_ERROR","errno":1054,"sql":"update doctor_has_specialities set speciality_id = `doctor_id` = '4', `hospital_id` = '1', `id` = '1', `fname` = 'Yash', `lname` = 'Babaria', `name` = 'Vcar Hospital', `profile_picture` = 'undefined', `speciality` = '5', `dob` = '2003-05-17', `phone` = '9898802790', `gender` = 'male', `city` = 'Alwar', `address` = 'Gokuldham Society, Jetpur', `consultancy_fees` = '500', `qualification` = 'MD', `gst_no` = '24AAACH7409R2Z6', `location` = 'Science city, Ahmedabad', `pincode` = '321456', `otherSpeciality` = '' where  doctor_id =4","sqlState":"42S22","sqlMessage":"Unknown column 'hospital_id' in 'field list'"},"msg":"Unknown column 'hospital_id' in 'field list'"}
{"level":50,"time":"6:19:11 PM","pid":44905,"hostname":"yash-babaria","err":{"type":"Error","message":"Unknown column 'hospital_id' in 'field list'","stack":"Error: Unknown column 'hospital_id' in 'field list'\n    at PromiseConnection.query (/home/yash-babariya/Desktop/typeProject/node_modules/mysql2/promise.js:94:22)\n    at /home/yash-babariya/Desktop/typeProject/src/controllers/doctorController.ts:779:18\n    at Generator.next (<anonymous>)\n    at fulfilled (/home/yash-babariya/Desktop/typeProject/src/controllers/doctorController.ts:5:58)\n    at processTicksAndRejections (node:internal/process/task_queues:95:5)","code":"ER_BAD_FIELD_ERROR","errno":1054,"sql":"update doctor_has_specialities set speciality_id = `doctor_id` = '4', `hospital_id` = '1', `id` = '1', `fname` = 'Yash', `lname` = 'Babaria', `name` = 'Vcar Hospital', `profile_picture` = 'undefined', `speciality` = '5', `dob` = '2003-05-17', `phone` = '9898802790', `gender` = 'male', `city` = 'Alwar', `address` = 'Gokuldham Society, Jetpur', `consultancy_fees` = '500', `qualification` = 'MD', `gst_no` = '24AAACH7409R2Z6', `location` = 'Science city, Ahmedabad', `pincode` = '321456', `otherSpeciality` = '' where  doctor_id =4","sqlState":"42S22","sqlMessage":"Unknown column 'hospital_id' in 'field list'"},"msg":"Unknown column 'hospital_id' in 'field list'"}
{"level":50,"time":"6:19:12 PM","pid":44905,"hostname":"yash-babaria","err":{"type":"Error","message":"Unknown column 'hospital_id' in 'field list'","stack":"Error: Unknown column 'hospital_id' in 'field list'\n    at PromiseConnection.query (/home/yash-babariya/Desktop/typeProject/node_modules/mysql2/promise.js:94:22)\n    at /home/yash-babariya/Desktop/typeProject/src/controllers/doctorController.ts:779:18\n    at Generator.next (<anonymous>)\n    at fulfilled (/home/yash-babariya/Desktop/typeProject/src/controllers/doctorController.ts:5:58)\n    at processTicksAndRejections (node:internal/process/task_queues:95:5)","code":"ER_BAD_FIELD_ERROR","errno":1054,"sql":"update doctor_has_specialities set speciality_id = `doctor_id` = '4', `hospital_id` = '1', `id` = '1', `fname` = 'Yash', `lname` = 'Babaria', `name` = 'Vcar Hospital', `profile_picture` = 'undefined', `speciality` = '5', `dob` = '2003-05-17', `phone` = '9898802790', `gender` = 'male', `city` = 'Alwar', `address` = 'Gokuldham Society, Jetpur', `consultancy_fees` = '500', `qualification` = 'MD', `gst_no` = '24AAACH7409R2Z6', `location` = 'Science city, Ahmedabad', `pincode` = '321456', `otherSpeciality` = '' where  doctor_id =4","sqlState":"42S22","sqlMessage":"Unknown column 'hospital_id' in 'field list'"},"msg":"Unknown column 'hospital_id' in 'field list'"}
{"level":50,"time":"6:19:12 PM","pid":44905,"hostname":"yash-babaria","err":{"type":"Error","message":"Unknown column 'hospital_id' in 'field list'","stack":"Error: Unknown column 'hospital_id' in 'field list'\n    at PromiseConnection.query (/home/yash-babariya/Desktop/typeProject/node_modules/mysql2/promise.js:94:22)\n    at /home/yash-babariya/Desktop/typeProject/src/controllers/doctorController.ts:779:18\n    at Generator.next (<anonymous>)\n    at fulfilled (/home/yash-babariya/Desktop/typeProject/src/controllers/doctorController.ts:5:58)\n    at processTicksAndRejections (node:internal/process/task_queues:95:5)","code":"ER_BAD_FIELD_ERROR","errno":1054,"sql":"update doctor_has_specialities set speciality_id = `doctor_id` = '4', `hospital_id` = '1', `id` = '1', `fname` = 'Yash', `lname` = 'Babaria', `name` = 'Vcar Hospital', `profile_picture` = 'undefined', `speciality` = '5', `dob` = '2003-05-17', `phone` = '9898802790', `gender` = 'male', `city` = 'Alwar', `address` = 'Gokuldham Society, Jetpur', `consultancy_fees` = '500', `qualification` = 'MD', `gst_no` = '24AAACH7409R2Z6', `location` = 'Science city, Ahmedabad', `pincode` = '321456', `otherSpeciality` = '' where  doctor_id =4","sqlState":"42S22","sqlMessage":"Unknown column 'hospital_id' in 'field list'"},"msg":"Unknown column 'hospital_id' in 'field list'"}
{"level":50,"time":"6:19:12 PM","pid":44905,"hostname":"yash-babaria","err":{"type":"Error","message":"Unknown column 'hospital_id' in 'field list'","stack":"Error: Unknown column 'hospital_id' in 'field list'\n    at PromiseConnection.query (/home/yash-babariya/Desktop/typeProject/node_modules/mysql2/promise.js:94:22)\n    at /home/yash-babariya/Desktop/typeProject/src/controllers/doctorController.ts:779:18\n    at Generator.next (<anonymous>)\n    at fulfilled (/home/yash-babariya/Desktop/typeProject/src/controllers/doctorController.ts:5:58)\n    at processTicksAndRejections (node:internal/process/task_queues:95:5)","code":"ER_BAD_FIELD_ERROR","errno":1054,"sql":"update doctor_has_specialities set speciality_id = `doctor_id` = '4', `hospital_id` = '1', `id` = '1', `fname` = 'Yash', `lname` = 'Babaria', `name` = 'Vcar Hospital', `profile_picture` = 'undefined', `speciality` = '5', `dob` = '2003-05-17', `phone` = '9898802790', `gender` = 'male', `city` = 'Alwar', `address` = 'Gokuldham Society, Jetpur', `consultancy_fees` = '500', `qualification` = 'MD', `gst_no` = '24AAACH7409R2Z6', `location` = 'Science city, Ahmedabad', `pincode` = '321456', `otherSpeciality` = '' where  doctor_id =4","sqlState":"42S22","sqlMessage":"Unknown column 'hospital_id' in 'field list'"},"msg":"Unknown column 'hospital_id' in 'field list'"}
{"level":50,"time":"6:19:12 PM","pid":44905,"hostname":"yash-babaria","err":{"type":"Error","message":"Unknown column 'hospital_id' in 'field list'","stack":"Error: Unknown column 'hospital_id' in 'field list'\n    at PromiseConnection.query (/home/yash-babariya/Desktop/typeProject/node_modules/mysql2/promise.js:94:22)\n    at /home/yash-babariya/Desktop/typeProject/src/controllers/doctorController.ts:779:18\n    at Generator.next (<anonymous>)\n    at fulfilled (/home/yash-babariya/Desktop/typeProject/src/controllers/doctorController.ts:5:58)\n    at processTicksAndRejections (node:internal/process/task_queues:95:5)","code":"ER_BAD_FIELD_ERROR","errno":1054,"sql":"update doctor_has_specialities set speciality_id = `doctor_id` = '4', `hospital_id` = '1', `id` = '1', `fname` = 'Yash', `lname` = 'Babaria', `name` = 'Vcar Hospital', `profile_picture` = 'undefined', `speciality` = '5', `dob` = '2003-05-17', `phone` = '9898802790', `gender` = 'male', `city` = 'Alwar', `address` = 'Gokuldham Society, Jetpur', `consultancy_fees` = '500', `qualification` = 'MD', `gst_no` = '24AAACH7409R2Z6', `location` = 'Science city, Ahmedabad', `pincode` = '321456', `otherSpeciality` = '' where  doctor_id =4","sqlState":"42S22","sqlMessage":"Unknown column 'hospital_id' in 'field list'"},"msg":"Unknown column 'hospital_id' in 'field list'"}
{"level":50,"time":"6:19:13 PM","pid":44905,"hostname":"yash-babaria","err":{"type":"Error","message":"Unknown column 'hospital_id' in 'field list'","stack":"Error: Unknown column 'hospital_id' in 'field list'\n    at PromiseConnection.query (/home/yash-babariya/Desktop/typeProject/node_modules/mysql2/promise.js:94:22)\n    at /home/yash-babariya/Desktop/typeProject/src/controllers/doctorController.ts:779:18\n    at Generator.next (<anonymous>)\n    at fulfilled (/home/yash-babariya/Desktop/typeProject/src/controllers/doctorController.ts:5:58)\n    at processTicksAndRejections (node:internal/process/task_queues:95:5)","code":"ER_BAD_FIELD_ERROR","errno":1054,"sql":"update doctor_has_specialities set speciality_id = `doctor_id` = '4', `hospital_id` = '1', `id` = '1', `fname` = 'Yash', `lname` = 'Babaria', `name` = 'Vcar Hospital', `profile_picture` = 'undefined', `speciality` = '5', `dob` = '2003-05-17', `phone` = '9898802790', `gender` = 'male', `city` = 'Alwar', `address` = 'Gokuldham Society, Jetpur', `consultancy_fees` = '500', `qualification` = 'MD', `gst_no` = '24AAACH7409R2Z6', `location` = 'Science city, Ahmedabad', `pincode` = '321456', `otherSpeciality` = '' where  doctor_id =4","sqlState":"42S22","sqlMessage":"Unknown column 'hospital_id' in 'field list'"},"msg":"Unknown column 'hospital_id' in 'field list'"}
{"level":50,"time":"6:19:13 PM","pid":44905,"hostname":"yash-babaria","err":{"type":"Error","message":"Unknown column 'hospital_id' in 'field list'","stack":"Error: Unknown column 'hospital_id' in 'field list'\n    at PromiseConnection.query (/home/yash-babariya/Desktop/typeProject/node_modules/mysql2/promise.js:94:22)\n    at /home/yash-babariya/Desktop/typeProject/src/controllers/doctorController.ts:779:18\n    at Generator.next (<anonymous>)\n    at fulfilled (/home/yash-babariya/Desktop/typeProject/src/controllers/doctorController.ts:5:58)\n    at processTicksAndRejections (node:internal/process/task_queues:95:5)","code":"ER_BAD_FIELD_ERROR","errno":1054,"sql":"update doctor_has_specialities set speciality_id = `doctor_id` = '4', `hospital_id` = '1', `id` = '1', `fname` = 'Yash', `lname` = 'Babaria', `name` = 'Vcar Hospital', `profile_picture` = 'undefined', `speciality` = '5', `dob` = '2003-05-17', `phone` = '9898802790', `gender` = 'male', `city` = 'Alwar', `address` = 'Gokuldham Society, Jetpur', `consultancy_fees` = '500', `qualification` = 'MD', `gst_no` = '24AAACH7409R2Z6', `location` = 'Science city, Ahmedabad', `pincode` = '321456', `otherSpeciality` = '' where  doctor_id =4","sqlState":"42S22","sqlMessage":"Unknown column 'hospital_id' in 'field list'"},"msg":"Unknown column 'hospital_id' in 'field list'"}
{"level":50,"time":"6:19:13 PM","pid":44905,"hostname":"yash-babaria","err":{"type":"Error","message":"Unknown column 'hospital_id' in 'field list'","stack":"Error: Unknown column 'hospital_id' in 'field list'\n    at PromiseConnection.query (/home/yash-babariya/Desktop/typeProject/node_modules/mysql2/promise.js:94:22)\n    at /home/yash-babariya/Desktop/typeProject/src/controllers/doctorController.ts:779:18\n    at Generator.next (<anonymous>)\n    at fulfilled (/home/yash-babariya/Desktop/typeProject/src/controllers/doctorController.ts:5:58)\n    at processTicksAndRejections (node:internal/process/task_queues:95:5)","code":"ER_BAD_FIELD_ERROR","errno":1054,"sql":"update doctor_has_specialities set speciality_id = `doctor_id` = '4', `hospital_id` = '1', `id` = '1', `fname` = 'Yash', `lname` = 'Babaria', `name` = 'Vcar Hospital', `profile_picture` = 'undefined', `speciality` = '5', `dob` = '2003-05-17', `phone` = '9898802790', `gender` = 'male', `city` = 'Alwar', `address` = 'Gokuldham Society, Jetpur', `consultancy_fees` = '500', `qualification` = 'MD', `gst_no` = '24AAACH7409R2Z6', `location` = 'Science city, Ahmedabad', `pincode` = '321456', `otherSpeciality` = '' where  doctor_id =4","sqlState":"42S22","sqlMessage":"Unknown column 'hospital_id' in 'field list'"},"msg":"Unknown column 'hospital_id' in 'field list'"}
{"level":50,"time":"6:19:19 PM","pid":44905,"hostname":"yash-babaria","err":{"type":"Error","message":"Unknown column 'hospital_id' in 'field list'","stack":"Error: Unknown column 'hospital_id' in 'field list'\n    at PromiseConnection.query (/home/yash-babariya/Desktop/typeProject/node_modules/mysql2/promise.js:94:22)\n    at /home/yash-babariya/Desktop/typeProject/src/controllers/doctorController.ts:779:18\n    at Generator.next (<anonymous>)\n    at fulfilled (/home/yash-babariya/Desktop/typeProject/src/controllers/doctorController.ts:5:58)\n    at processTicksAndRejections (node:internal/process/task_queues:95:5)","code":"ER_BAD_FIELD_ERROR","errno":1054,"sql":"update doctor_has_specialities set speciality_id = `doctor_id` = '4', `hospital_id` = '1', `id` = '1', `fname` = 'Yash', `lname` = 'Babaria', `name` = 'Vcar Hospital', `profile_picture` = 'undefined', `speciality` = '5', `dob` = '2003-05-17', `phone` = '9898802790', `gender` = 'male', `city` = 'Alwar', `address` = 'Gokuldham Society, Jetpur', `consultancy_fees` = '500', `qualification` = 'MD', `gst_no` = '24AAACH7409R2Z6', `location` = 'Science city, Ahmedabad', `pincode` = '321456', `otherSpeciality` = '' where  doctor_id =4","sqlState":"42S22","sqlMessage":"Unknown column 'hospital_id' in 'field list'"},"msg":"Unknown column 'hospital_id' in 'field list'"}
{"level":50,"time":"6:19:48 PM","pid":44905,"hostname":"yash-babaria","err":{"type":"Error","message":"Unknown column 'hospital_id' in 'field list'","stack":"Error: Unknown column 'hospital_id' in 'field list'\n    at PromiseConnection.query (/home/yash-babariya/Desktop/typeProject/node_modules/mysql2/promise.js:94:22)\n    at /home/yash-babariya/Desktop/typeProject/src/controllers/doctorController.ts:779:18\n    at Generator.next (<anonymous>)\n    at fulfilled (/home/yash-babariya/Desktop/typeProject/src/controllers/doctorController.ts:5:58)\n    at processTicksAndRejections (node:internal/process/task_queues:95:5)","code":"ER_BAD_FIELD_ERROR","errno":1054,"sql":"update doctor_has_specialities set speciality_id = `doctor_id` = '4', `hospital_id` = '1', `id` = '1', `fname` = 'Yash', `lname` = 'Babaria', `name` = 'Vcar Hospital', `profile_picture` = 'undefined', `speciality` = '5', `dob` = '2003-05-17', `phone` = '9898802790', `gender` = 'male', `city` = 'Alwar', `address` = 'Gokuldham Society, Jetpur', `consultancy_fees` = '500', `qualification` = 'MD', `gst_no` = '24AAACH7409R2Z6', `location` = 'Science city, Ahmedabad', `pincode` = '321456', `otherSpeciality` = '' where  doctor_id =4","sqlState":"42S22","sqlMessage":"Unknown column 'hospital_id' in 'field list'"},"msg":"Unknown column 'hospital_id' in 'field list'"}
{"level":50,"time":"6:21:18 PM","pid":44905,"hostname":"yash-babaria","err":{"type":"ReferenceError","message":"crypto is not defined","stack":"ReferenceError: crypto is not defined\n    at /home/yash-babariya/Desktop/typeProject/src/controllers/pdfController.ts:45:22\n    at Generator.next (<anonymous>)\n    at fulfilled (/home/yash-babariya/Desktop/typeProject/src/controllers/pdfController.ts:5:58)\n    at processTicksAndRejections (node:internal/process/task_queues:95:5)"},"msg":"crypto is not defined"}
{"level":30,"time":"6:22:51 PM","pid":45806,"hostname":"yash-babaria","msg":"DB Connected"}
{"level":30,"time":"6:22:53 PM","pid":45806,"hostname":"yash-babaria","msg":"server is running on port: http://localhost:8000"}
{"level":50,"time":"6:23:07 PM","pid":45806,"hostname":"yash-babaria","err":{"type":"ReferenceError","message":"crypto is not defined","stack":"ReferenceError: crypto is not defined\n    at /home/yash-babariya/Desktop/typeProject/src/controllers/pdfController.ts:45:22\n    at Generator.next (<anonymous>)\n    at fulfilled (/home/yash-babariya/Desktop/typeProject/src/controllers/pdfController.ts:5:58)\n    at processTicksAndRejections (node:internal/process/task_queues:95:5)"},"msg":"crypto is not defined"}
{"level":30,"time":"6:27:39 PM","pid":46402,"hostname":"yash-babaria","msg":"DB Connected"}
{"level":30,"time":"6:27:41 PM","pid":46402,"hostname":"yash-babaria","msg":"server is running on port: http://localhost:8000"}
{"level":30,"time":"6:29:20 PM","pid":46629,"hostname":"yash-babaria","msg":"DB Connected"}
{"level":30,"time":"6:29:22 PM","pid":46629,"hostname":"yash-babaria","msg":"server is running on port: http://localhost:8000"}
{"level":30,"time":"6:31:03 PM","pid":47047,"hostname":"yash-babaria","msg":"DB Connected"}
{"level":30,"time":"6:31:05 PM","pid":47047,"hostname":"yash-babaria","msg":"server is running on port: http://localhost:8000"}
{"level":30,"time":"6:56:44 PM","pid":52387,"hostname":"yash-babaria","msg":"DB Connected"}
{"level":30,"time":"7:10:49 PM","pid":54836,"hostname":"yash-babaria","msg":"DB Connected"}
{"level":30,"time":"7:20:04 PM","pid":55427,"hostname":"yash-babaria","msg":"DB Connected"}
{"level":30,"time":"7:20:41 PM","pid":55517,"hostname":"yash-babaria","msg":"DB Connected"}
{"level":30,"time":"7:21:04 PM","pid":55590,"hostname":"yash-babaria","msg":"DB Connected"}
{"level":30,"time":"7:22:45 PM","pid":55747,"hostname":"yash-babaria","msg":"DB Connected"}
{"level":30,"time":"7:22:46 PM","pid":55747,"hostname":"yash-babaria","msg":"server is running on port: http://localhost:8000"}
{"level":30,"time":"7:23:55 PM","pid":55871,"hostname":"yash-babaria","msg":"DB Connected"}
{"level":30,"time":"7:23:56 PM","pid":55871,"hostname":"yash-babaria","msg":"server is running on port: http://localhost:8000"}
{"level":30,"time":"7:24:16 PM","pid":56117,"hostname":"yash-babaria","msg":"DB Connected"}
{"level":30,"time":"7:24:17 PM","pid":56117,"hostname":"yash-babaria","msg":"server is running on port: http://localhost:8000"}
{"level":30,"time":"7:24:58 PM","pid":56476,"hostname":"yash-babaria","msg":"DB Connected"}
{"level":30,"time":"7:24:58 PM","pid":56476,"hostname":"yash-babaria","msg":"server is running on port: http://localhost:8000"}
{"level":30,"time":"7:28:10 PM","pid":58340,"hostname":"yash-babaria","msg":"DB Connected"}
{"level":30,"time":"7:28:11 PM","pid":58340,"hostname":"yash-babaria","msg":"server is running on port: http://localhost:8000"}
{"level":30,"time":"7:29:00 PM","pid":58608,"hostname":"yash-babaria","msg":"DB Connected"}
{"level":30,"time":"7:29:01 PM","pid":58608,"hostname":"yash-babaria","msg":"server is running on port: http://localhost:8000"}
{"level":30,"time":"7:30:37 PM","pid":59504,"hostname":"yash-babaria","msg":"DB Connected"}
{"level":30,"time":"7:30:54 PM","pid":59605,"hostname":"yash-babaria","msg":"DB Connected"}
{"level":30,"time":"7:30:54 PM","pid":59605,"hostname":"yash-babaria","msg":"server is running on port: http://localhost:8000"}
